  Actor.cpp
C:\Users\Thomas\Desktop\Uni Temp\AG-Project\AGP Project\AGP Project\Shader.h(3,10): fatal error C1083: Cannot open include file: 'glad/glad.h': No such file or directory
  Camera.cpp
C:\Users\Thomas\Desktop\Uni Temp\AG-Project\AGP Project\AGP Project\Camera.h(2,10): fatal error C1083: Cannot open include file: 'glad/glad.h': No such file or directory
  Engine.cpp
C:\Users\Thomas\Desktop\Uni Temp\AG-Project\AGP Project\AGP Project\Window.h(2,10): fatal error C1083: Cannot open include file: 'glad/glad.h': No such file or directory
  Entity.cpp
C:\Users\Thomas\Desktop\Uni Temp\AG-Project\AGP Project\AGP Project\Shader.h(3,10): fatal error C1083: Cannot open include file: 'glad/glad.h': No such file or directory
  Game.cpp
C:\Users\Thomas\Desktop\Uni Temp\AG-Project\AGP Project\AGP Project\Window.h(2,10): fatal error C1083: Cannot open include file: 'glad/glad.h': No such file or directory
  Glasses.cpp
C:\Users\Thomas\Desktop\Uni Temp\AG-Project\AGP Project\AGP Project\Shader.h(3,10): fatal error C1083: Cannot open include file: 'glad/glad.h': No such file or directory
  Input.cpp
C:\Users\Thomas\Desktop\Uni Temp\AG-Project\AGP Project\AGP Project\Input.h(2,10): fatal error C1083: Cannot open include file: 'glad/glad.h': No such file or directory
  main.cpp
C:\Users\Thomas\Desktop\Uni Temp\AG-Project\AGP Project\AGP Project\Window.h(2,10): fatal error C1083: Cannot open include file: 'glad/glad.h': No such file or directory
  Mesh.cpp
C:\Users\Thomas\Desktop\Uni Temp\AG-Project\AGP Project\AGP Project\Mesh.h(2,10): fatal error C1083: Cannot open include file: 'glad/glad.h': No such file or directory
  Model.cpp
C:\Users\Thomas\Desktop\Uni Temp\AG-Project\AGP Project\AGP Project\Model.h(2,10): fatal error C1083: Cannot open include file: 'glad/glad.h': No such file or directory
  Player.cpp
C:\Users\Thomas\Desktop\Uni Temp\AG-Project\AGP Project\AGP Project\Shader.h(3,10): fatal error C1083: Cannot open include file: 'glad/glad.h': No such file or directory
  Renderer.cpp
C:\Users\Thomas\Desktop\Uni Temp\AG-Project\AGP Project\AGP Project\Renderer.h(2,10): fatal error C1083: Cannot open include file: 'glad/glad.h': No such file or directory
  Scene.cpp
C:\Users\Thomas\Desktop\Uni Temp\AG-Project\AGP Project\AGP Project\Shader.h(3,10): fatal error C1083: Cannot open include file: 'glad/glad.h': No such file or directory
  Shader.cpp
C:\Users\Thomas\Desktop\Uni Temp\AG-Project\AGP Project\AGP Project\Shader.h(3,10): fatal error C1083: Cannot open include file: 'glad/glad.h': No such file or directory
  Skybox.cpp
C:\Users\Thomas\Desktop\Uni Temp\AG-Project\AGP Project\AGP Project\Shader.h(3,10): fatal error C1083: Cannot open include file: 'glad/glad.h': No such file or directory
  stb_image.cpp
  Window.cpp
C:\Users\Thomas\Desktop\Uni Temp\AG-Project\AGP Project\AGP Project\Window.h(2,10): fatal error C1083: Cannot open include file: 'glad/glad.h': No such file or directory
  Generating Code...
