c:\users\thomas\desktop\uni temp\ag-project\agp project\x64\debug\assimp-vc142-mtd.dll
c:\users\thomas\desktop\uni temp\ag-project\agp project\x64\debug\irrlicht.dll
c:\users\thomas\desktop\uni temp\ag-project\agp project\x64\debug\libpng16d.dll
c:\users\thomas\desktop\uni temp\ag-project\agp project\x64\debug\zlibd1.dll
c:\users\thomas\desktop\uni temp\ag-project\agp project\x64\debug\jpeg62.dll
c:\users\thomas\desktop\uni temp\ag-project\agp project\x64\debug\bz2d.dll
c:\users\thomas\desktop\uni temp\ag-project\agp project\x64\debug\glfw3.dll
c:\users\martin\onedrive - university of the west of scotland\marco\advanced graphics\group project\agp project\x64\debug\assimp-vc142-mtd.dll
c:\users\martin\onedrive - university of the west of scotland\marco\advanced graphics\group project\agp project\x64\debug\irrlicht.dll
c:\users\martin\onedrive - university of the west of scotland\marco\advanced graphics\group project\agp project\x64\debug\libpng16d.dll
c:\users\martin\onedrive - university of the west of scotland\marco\advanced graphics\group project\agp project\x64\debug\zlibd1.dll
c:\users\martin\onedrive - university of the west of scotland\marco\advanced graphics\group project\agp project\x64\debug\jpeg62.dll
c:\users\martin\onedrive - university of the west of scotland\marco\advanced graphics\group project\agp project\x64\debug\bz2d.dll
c:\users\martin\onedrive - university of the west of scotland\marco\advanced graphics\group project\agp project\x64\debug\glfw3.dll
c:\users\martin\onedrive - university of the west of scotland\marco\advanced graphics\group project\agp project\agp project\x64\debug\vc142.pdb
c:\users\martin\onedrive - university of the west of scotland\marco\advanced graphics\group project\agp project\agp project\x64\debug\vc142.idb
c:\users\martin\onedrive - university of the west of scotland\marco\advanced graphics\group project\agp project\agp project\x64\debug\window.obj
c:\users\martin\onedrive - university of the west of scotland\marco\advanced graphics\group project\agp project\agp project\x64\debug\stb_image.obj
c:\users\martin\onedrive - university of the west of scotland\marco\advanced graphics\group project\agp project\agp project\x64\debug\skybox.obj
c:\users\martin\onedrive - university of the west of scotland\marco\advanced graphics\group project\agp project\agp project\x64\debug\shader.obj
c:\users\martin\onedrive - university of the west of scotland\marco\advanced graphics\group project\agp project\agp project\x64\debug\scene.obj
c:\users\martin\onedrive - university of the west of scotland\marco\advanced graphics\group project\agp project\agp project\x64\debug\renderer.obj
c:\users\martin\onedrive - university of the west of scotland\marco\advanced graphics\group project\agp project\agp project\x64\debug\player.obj
c:\users\martin\onedrive - university of the west of scotland\marco\advanced graphics\group project\agp project\agp project\x64\debug\model.obj
c:\users\martin\onedrive - university of the west of scotland\marco\advanced graphics\group project\agp project\agp project\x64\debug\mesh.obj
c:\users\martin\onedrive - university of the west of scotland\marco\advanced graphics\group project\agp project\agp project\x64\debug\main.obj
c:\users\martin\onedrive - university of the west of scotland\marco\advanced graphics\group project\agp project\agp project\x64\debug\input.obj
c:\users\martin\onedrive - university of the west of scotland\marco\advanced graphics\group project\agp project\agp project\x64\debug\glasses.obj
c:\users\martin\onedrive - university of the west of scotland\marco\advanced graphics\group project\agp project\agp project\x64\debug\game.obj
c:\users\martin\onedrive - university of the west of scotland\marco\advanced graphics\group project\agp project\agp project\x64\debug\entity.obj
c:\users\martin\onedrive - university of the west of scotland\marco\advanced graphics\group project\agp project\agp project\x64\debug\engine.obj
c:\users\martin\onedrive - university of the west of scotland\marco\advanced graphics\group project\agp project\agp project\x64\debug\camera.obj
c:\users\martin\onedrive - university of the west of scotland\marco\advanced graphics\group project\agp project\agp project\x64\debug\actor.obj
c:\users\martin\onedrive - university of the west of scotland\marco\advanced graphics\group project\agp project\x64\debug\agp project.exe
c:\users\martin\onedrive - university of the west of scotland\marco\advanced graphics\group project\agp project\x64\debug\agp project.ilk
c:\users\martin\onedrive - university of the west of scotland\marco\advanced graphics\group project\agp project\x64\debug\agp project.pdb
c:\users\martin\onedrive - university of the west of scotland\marco\advanced graphics\group project\agp project\agp project\x64\debug\agp project.tlog\agp project.write.1u.tlog
c:\users\martin\onedrive - university of the west of scotland\marco\advanced graphics\group project\agp project\agp project\x64\debug\agp project.tlog\cl.command.1.tlog
c:\users\martin\onedrive - university of the west of scotland\marco\advanced graphics\group project\agp project\agp project\x64\debug\agp project.tlog\cl.read.1.tlog
c:\users\martin\onedrive - university of the west of scotland\marco\advanced graphics\group project\agp project\agp project\x64\debug\agp project.tlog\cl.write.1.tlog
c:\users\martin\onedrive - university of the west of scotland\marco\advanced graphics\group project\agp project\agp project\x64\debug\agp project.tlog\link.command.1.tlog
c:\users\martin\onedrive - university of the west of scotland\marco\advanced graphics\group project\agp project\agp project\x64\debug\agp project.tlog\link.read.1.tlog
c:\users\martin\onedrive - university of the west of scotland\marco\advanced graphics\group project\agp project\agp project\x64\debug\agp project.tlog\link.write.1.tlog
